{"/home/runner/work/typescript-react-template/typescript-react-template/src/app.tsx": {"path":"/home/runner/work/typescript-react-template/typescript-react-template/src/app.tsx","statementMap":{"0":{"start":{"line":1,"column":0},"end":{"line":1,"column":34}},"1":{"start":{"line":2,"column":0},"end":{"line":2,"column":57}},"2":{"start":{"line":4,"column":0},"end":{"line":4,"column":45}},"3":{"start":{"line":6,"column":21},"end":{"line":15,"column":null}},"4":{"start":{"line":14,"column":27},"end":{"line":14,"column":41}},"5":{"start":{"line":17,"column":23},"end":{"line":24,"column":null}},"6":{"start":{"line":26,"column":15},"end":{"line":30,"column":null}},"7":{"start":{"line":32,"column":19},"end":{"line":43,"column":null}},"8":{"start":{"line":33,"column":2},"end":{"line":42,"column":null}},"9":{"start":{"line":32,"column":13},"end":{"line":32,"column":19}}},"fnMap":{"0":{"name":"(anonymous_6)","decl":{"start":{"line":14,"column":16},"end":{"line":14,"column":17}},"loc":{"start":{"line":14,"column":27},"end":{"line":14,"column":41}}},"1":{"name":"(anonymous_7)","decl":{"start":{"line":32,"column":19},"end":{"line":32,"column":22}},"loc":{"start":{"line":33,"column":2},"end":{"line":42,"column":null}}}},"branchMap":{},"s":{"0":1,"1":1,"2":1,"3":1,"4":0,"5":1,"6":1,"7":1,"8":0,"9":1},"f":{"0":0,"1":0},"b":{}}
,"/home/runner/work/typescript-react-template/typescript-react-template/src/index.tsx": {"path":"/home/runner/work/typescript-react-template/typescript-react-template/src/index.tsx","statementMap":{"0":{"start":{"line":1,"column":0},"end":{"line":1,"column":58}},"1":{"start":{"line":2,"column":0},"end":{"line":2,"column":27}},"2":{"start":{"line":3,"column":0},"end":{"line":3,"column":18}},"3":{"start":{"line":5,"column":18},"end":{"line":5,"column":66}},"4":{"start":{"line":7,"column":0},"end":{"line":12,"column":null}},"5":{"start":{"line":8,"column":2},"end":{"line":8,"column":null}},"6":{"start":{"line":10,"column":15},"end":{"line":10,"column":36}},"7":{"start":{"line":11,"column":2},"end":{"line":11,"column":null}}},"fnMap":{},"branchMap":{"0":{"loc":{"start":{"line":5,"column":18},"end":{"line":5,"column":66}},"type":"binary-expr","locations":[{"start":{"line":5,"column":18},"end":{"line":5,"column":49}},{"start":{"line":5,"column":53},"end":{"line":5,"column":66}}]},"1":{"loc":{"start":{"line":7,"column":0},"end":{"line":12,"column":null}},"type":"if","locations":[{"start":{"line":7,"column":0},"end":{"line":12,"column":null}},{"start":{"line":9,"column":7},"end":{"line":12,"column":null}}]}},"s":{"0":0,"1":0,"2":0,"3":0,"4":0,"5":0,"6":0,"7":0},"f":{},"b":{"0":[0,0],"1":[0,0]}}
,"/home/runner/work/typescript-react-template/typescript-react-template/src/service.ts": {"path":"/home/runner/work/typescript-react-template/typescript-react-template/src/service.ts","statementMap":{"0":{"start":{"line":3,"column":23},"end":{"line":31,"column":1}},"1":{"start":{"line":4,"column":2},"end":{"line":6,"column":null}},"2":{"start":{"line":5,"column":4},"end":{"line":5,"column":10}},"3":{"start":{"line":7,"column":2},"end":{"line":7,"column":null}},"4":{"start":{"line":8,"column":2},"end":{"line":8,"column":null}},"5":{"start":{"line":9,"column":2},"end":{"line":14,"column":null}},"6":{"start":{"line":15,"column":2},"end":{"line":18,"column":null}},"7":{"start":{"line":19,"column":2},"end":{"line":19,"column":null}},"8":{"start":{"line":21,"column":2},"end":{"line":23,"column":null}},"9":{"start":{"line":22,"column":4},"end":{"line":22,"column":null}},"10":{"start":{"line":24,"column":2},"end":{"line":29,"column":null}},"11":{"start":{"line":25,"column":4},"end":{"line":28,"column":null}},"12":{"start":{"line":30,"column":2},"end":{"line":30,"column":null}},"13":{"start":{"line":33,"column":0},"end":{"line":33,"column":null}}},"fnMap":{"0":{"name":"(anonymous_0)","decl":{"start":{"line":3,"column":23},"end":{"line":3,"column":26}},"loc":{"start":{"line":3,"column":28},"end":{"line":31,"column":1}}}},"branchMap":{"0":{"loc":{"start":{"line":4,"column":2},"end":{"line":6,"column":null}},"type":"if","locations":[{"start":{"line":4,"column":2},"end":{"line":6,"column":null}}]},"1":{"loc":{"start":{"line":11,"column":4},"end":{"line":13,"column":17}},"type":"cond-expr","locations":[{"start":{"line":12,"column":8},"end":{"line":12,"column":57}},{"start":{"line":13,"column":8},"end":{"line":13,"column":17}}]},"2":{"loc":{"start":{"line":17,"column":30},"end":{"line":17,"column":58}},"type":"cond-expr","locations":[{"start":{"line":17,"column":47},"end":{"line":17,"column":53}},{"start":{"line":17,"column":56},"end":{"line":17,"column":58}}]},"3":{"loc":{"start":{"line":21,"column":2},"end":{"line":23,"column":null}},"type":"if","locations":[{"start":{"line":21,"column":2},"end":{"line":23,"column":null}}]},"4":{"loc":{"start":{"line":24,"column":2},"end":{"line":29,"column":null}},"type":"if","locations":[{"start":{"line":24,"column":2},"end":{"line":29,"column":null}}]}},"s":{"0":0,"1":0,"2":0,"3":0,"4":0,"5":0,"6":0,"7":0,"8":0,"9":0,"10":0,"11":0,"12":0,"13":0},"f":{"0":0},"b":{"0":[0],"1":[0,0],"2":[0,0],"3":[0],"4":[0]}}
,"/home/runner/work/typescript-react-template/typescript-react-template/src/styled.d.ts": {"path":"/home/runner/work/typescript-react-template/typescript-react-template/src/styled.d.ts","statementMap":{},"fnMap":{},"branchMap":{},"s":{},"f":{},"b":{}}
,"/home/runner/work/typescript-react-template/typescript-react-template/src/styles.ts": {"path":"/home/runner/work/typescript-react-template/typescript-react-template/src/styles.ts","statementMap":{"0":{"start":{"line":2,"column":0},"end":{"line":2,"column":67}},"1":{"start":{"line":4,"column":13},"end":{"line":17,"column":null}},"2":{"start":{"line":19,"column":13},"end":{"line":21,"column":null}}},"fnMap":{},"branchMap":{},"s":{"0":1,"1":1,"2":1},"f":{},"b":{}}
}
